2024-10-21 15:31:25,805 INFO org.hibernate.validator.internal.util.Version [background-preinit] HV000001: Hibernate Validator 8.0.1.Final
2024-10-21 15:31:25,880 INFO com.mycompany.propertymanagement.PropertymanagementApplication [main] Starting PropertymanagementApplication using Java 17.0.12 with PID 8212 (C:\Users\user\Downloads\propertymanagement\propertymanagement\target\classes started by user in C:\Users\user\Downloads\propertymanagement)
2024-10-21 15:31:25,881 INFO com.mycompany.propertymanagement.PropertymanagementApplication [main] The following 1 profile is active: "dev"
2024-10-21 15:31:28,558 INFO org.springframework.data.repository.config.RepositoryConfigurationDelegate [main] Bootstrapping Spring Data JPA repositories in DEFAULT mode.
2024-10-21 15:31:28,652 INFO org.springframework.data.repository.config.RepositoryConfigurationDelegate [main] Finished Spring Data repository scanning in 81 ms. Found 2 JPA repository interfaces.
2024-10-21 15:31:29,890 INFO org.springframework.boot.web.embedded.tomcat.TomcatWebServer [main] Tomcat initialized with port 8080 (http)
2024-10-21 15:31:29,918 INFO org.apache.coyote.http11.Http11NioProtocol [main] Initializing ProtocolHandler ["http-nio-8080"]
2024-10-21 15:31:29,922 INFO org.apache.catalina.core.StandardService [main] Starting service [Tomcat]
2024-10-21 15:31:29,922 INFO org.apache.catalina.core.StandardEngine [main] Starting Servlet engine: [Apache Tomcat/10.1.30]
2024-10-21 15:31:30,020 INFO org.apache.catalina.core.ContainerBase.[Tomcat].[localhost].[/] [main] Initializing Spring embedded WebApplicationContext
2024-10-21 15:31:30,020 INFO org.springframework.boot.web.servlet.context.ServletWebServerApplicationContext [main] Root WebApplicationContext: initialization completed in 4074 ms
2024-10-21 15:31:30,512 INFO org.hibernate.jpa.internal.util.LogHelper [main] HHH000204: Processing PersistenceUnitInfo [name: default]
2024-10-21 15:31:30,645 INFO org.hibernate.Version [main] HHH000412: Hibernate ORM core version 6.5.3.Final
2024-10-21 15:31:30,713 INFO org.hibernate.cache.internal.RegionFactoryInitiator [main] HHH000026: Second-level cache disabled
2024-10-21 15:31:31,557 INFO org.springframework.orm.jpa.persistenceunit.SpringPersistenceUnitInfo [main] No LoadTimeWeaver setup: ignoring JPA class transformer
2024-10-21 15:31:31,639 INFO com.zaxxer.hikari.HikariDataSource [main] HikariPool-1 - Starting...
2024-10-21 15:31:31,996 INFO com.zaxxer.hikari.pool.HikariPool [main] HikariPool-1 - Added connection com.mysql.cj.jdbc.ConnectionImpl@5ffd35dd
2024-10-21 15:31:32,005 INFO com.zaxxer.hikari.HikariDataSource [main] HikariPool-1 - Start completed.
2024-10-21 15:31:32,172 WARN org.hibernate.orm.deprecation [main] HHH90000025: MySQL8Dialect does not need to be specified explicitly using 'hibernate.dialect' (remove the property setting and it will be selected by default)
2024-10-21 15:31:32,174 WARN org.hibernate.orm.deprecation [main] HHH90000026: MySQL8Dialect has been deprecated; use org.hibernate.dialect.MySQLDialect instead
2024-10-21 15:31:34,185 INFO org.hibernate.engine.transaction.jta.platform.internal.JtaPlatformInitiator [main] HHH000489: No JTA platform available (set 'hibernate.transaction.jta.platform' to enable JTA platform integration)
2024-10-21 15:31:34,307 INFO org.springframework.orm.jpa.LocalContainerEntityManagerFactoryBean [main] Initialized JPA EntityManagerFactory for persistence unit 'default'
2024-10-21 15:31:35,431 WARN org.springframework.boot.autoconfigure.orm.jpa.JpaBaseConfiguration$JpaWebConfiguration [main] spring.jpa.open-in-view is enabled by default. Therefore, database queries may be performed during view rendering. Explicitly configure spring.jpa.open-in-view to disable this warning
2024-10-21 15:31:37,532 INFO org.springframework.boot.actuate.endpoint.web.EndpointLinksResolver [main] Exposing 6 endpoints beneath base path '/actuator'
2024-10-21 15:31:37,738 INFO org.apache.coyote.http11.Http11NioProtocol [main] Starting ProtocolHandler ["http-nio-8080"]
2024-10-21 15:31:37,777 INFO org.springframework.boot.web.embedded.tomcat.TomcatWebServer [main] Tomcat started on port 8080 (http) with context path '/'
2024-10-21 15:31:37,817 INFO com.mycompany.propertymanagement.PropertymanagementApplication [main] Started PropertymanagementApplication in 12.69 seconds (process running for 14.463)
2024-10-21 15:31:38,389 INFO org.apache.catalina.core.ContainerBase.[Tomcat].[localhost].[/] [RMI TCP Connection(2)-192.168.0.121] Initializing Spring DispatcherServlet 'dispatcherServlet'
2024-10-21 15:31:38,389 INFO org.springframework.web.servlet.DispatcherServlet [RMI TCP Connection(2)-192.168.0.121] Initializing Servlet 'dispatcherServlet'
2024-10-21 15:31:38,395 INFO org.springframework.web.servlet.DispatcherServlet [RMI TCP Connection(2)-192.168.0.121] Completed initialization in 5 ms
2024-10-21 18:50:44,634 WARN com.zaxxer.hikari.pool.HikariPool [HikariPool-1 housekeeper] HikariPool-1 - Thread starvation or clock leap detected (housekeeper delta=1h49m12s138ms608µs700ns).
2024-10-21 19:08:21,750 INFO org.springframework.orm.jpa.LocalContainerEntityManagerFactoryBean [SpringApplicationShutdownHook] Closing JPA EntityManagerFactory for persistence unit 'default'
2024-10-21 19:08:21,810 INFO com.zaxxer.hikari.HikariDataSource [SpringApplicationShutdownHook] HikariPool-1 - Shutdown initiated...
2024-10-21 19:08:21,832 INFO com.zaxxer.hikari.HikariDataSource [SpringApplicationShutdownHook] HikariPool-1 - Shutdown completed.
2024-10-21 19:08:38,249 INFO org.hibernate.validator.internal.util.Version [background-preinit] HV000001: Hibernate Validator 8.0.1.Final
2024-10-21 19:08:38,335 INFO com.mycompany.propertymanagement.PropertymanagementApplication [main] Starting PropertymanagementApplication using Java 17.0.12 with PID 16492 (C:\Users\user\Downloads\propertymanagement\propertymanagement\target\classes started by user in C:\Users\user\Downloads\propertymanagement)
2024-10-21 19:08:38,336 INFO com.mycompany.propertymanagement.PropertymanagementApplication [main] The following 1 profile is active: "dev"
2024-10-21 19:08:40,480 INFO org.springframework.data.repository.config.RepositoryConfigurationDelegate [main] Bootstrapping Spring Data JPA repositories in DEFAULT mode.
2024-10-21 19:08:40,568 INFO org.springframework.data.repository.config.RepositoryConfigurationDelegate [main] Finished Spring Data repository scanning in 75 ms. Found 2 JPA repository interfaces.
2024-10-21 19:08:41,974 INFO org.springframework.boot.web.embedded.tomcat.TomcatWebServer [main] Tomcat initialized with port 8080 (http)
2024-10-21 19:08:42,028 INFO org.apache.coyote.http11.Http11NioProtocol [main] Initializing ProtocolHandler ["http-nio-8080"]
2024-10-21 19:08:42,040 INFO org.apache.catalina.core.StandardService [main] Starting service [Tomcat]
2024-10-21 19:08:42,040 INFO org.apache.catalina.core.StandardEngine [main] Starting Servlet engine: [Apache Tomcat/10.1.30]
2024-10-21 19:08:42,207 INFO org.apache.catalina.core.ContainerBase.[Tomcat].[localhost].[/] [main] Initializing Spring embedded WebApplicationContext
2024-10-21 19:08:42,207 INFO org.springframework.boot.web.servlet.context.ServletWebServerApplicationContext [main] Root WebApplicationContext: initialization completed in 3809 ms
2024-10-21 19:08:42,726 INFO org.hibernate.jpa.internal.util.LogHelper [main] HHH000204: Processing PersistenceUnitInfo [name: default]
2024-10-21 19:08:42,883 INFO org.hibernate.Version [main] HHH000412: Hibernate ORM core version 6.5.3.Final
2024-10-21 19:08:42,976 INFO org.hibernate.cache.internal.RegionFactoryInitiator [main] HHH000026: Second-level cache disabled
2024-10-21 19:08:43,531 INFO org.springframework.orm.jpa.persistenceunit.SpringPersistenceUnitInfo [main] No LoadTimeWeaver setup: ignoring JPA class transformer
2024-10-21 19:08:43,579 INFO com.zaxxer.hikari.HikariDataSource [main] HikariPool-1 - Starting...
2024-10-21 19:08:43,787 INFO com.zaxxer.hikari.pool.HikariPool [main] HikariPool-1 - Added connection com.mysql.cj.jdbc.ConnectionImpl@7b423f90
2024-10-21 19:08:43,789 INFO com.zaxxer.hikari.HikariDataSource [main] HikariPool-1 - Start completed.
2024-10-21 19:08:43,869 WARN org.hibernate.orm.deprecation [main] HHH90000025: MySQL8Dialect does not need to be specified explicitly using 'hibernate.dialect' (remove the property setting and it will be selected by default)
2024-10-21 19:08:43,871 WARN org.hibernate.orm.deprecation [main] HHH90000026: MySQL8Dialect has been deprecated; use org.hibernate.dialect.MySQLDialect instead
2024-10-21 19:08:45,217 INFO org.hibernate.engine.transaction.jta.platform.internal.JtaPlatformInitiator [main] HHH000489: No JTA platform available (set 'hibernate.transaction.jta.platform' to enable JTA platform integration)
2024-10-21 19:08:45,591 WARN org.hibernate.tool.schema.internal.ExceptionHandlerLoggedImpl [main] GenerationTarget encountered exception accepting command : Error executing DDL "alter table property_table add constraint FKo3k2pyy6amjpl5rtutybk7oom foreign key (user_id) references user_table (id)" via JDBC [Cannot add or update a child row: a foreign key constraint fails (`db-dev`.`#sql-13a4_7f`, CONSTRAINT `FKo3k2pyy6amjpl5rtutybk7oom` FOREIGN KEY (`user_id`) REFERENCES `user_table` (`id`))]
org.hibernate.tool.schema.spi.CommandAcceptanceException: Error executing DDL "alter table property_table add constraint FKo3k2pyy6amjpl5rtutybk7oom foreign key (user_id) references user_table (id)" via JDBC [Cannot add or update a child row: a foreign key constraint fails (`db-dev`.`#sql-13a4_7f`, CONSTRAINT `FKo3k2pyy6amjpl5rtutybk7oom` FOREIGN KEY (`user_id`) REFERENCES `user_table` (`id`))]
	at org.hibernate.tool.schema.internal.exec.GenerationTargetToDatabase.accept(GenerationTargetToDatabase.java:94)
	at org.hibernate.tool.schema.internal.AbstractSchemaMigrator.applySqlString(AbstractSchemaMigrator.java:583)
	at org.hibernate.tool.schema.internal.AbstractSchemaMigrator.applySqlStrings(AbstractSchemaMigrator.java:523)
	at org.hibernate.tool.schema.internal.AbstractSchemaMigrator.applyForeignKeys(AbstractSchemaMigrator.java:455)
	at org.hibernate.tool.schema.internal.AbstractSchemaMigrator.performMigration(AbstractSchemaMigrator.java:276)
	at org.hibernate.tool.schema.internal.AbstractSchemaMigrator.doMigration(AbstractSchemaMigrator.java:119)
	at org.hibernate.tool.schema.spi.SchemaManagementToolCoordinator.performDatabaseAction(SchemaManagementToolCoordinator.java:280)
	at org.hibernate.tool.schema.spi.SchemaManagementToolCoordinator.lambda$process$5(SchemaManagementToolCoordinator.java:144)
	at java.base/java.util.HashMap.forEach(HashMap.java:1421)
	at org.hibernate.tool.schema.spi.SchemaManagementToolCoordinator.process(SchemaManagementToolCoordinator.java:141)
	at org.hibernate.boot.internal.SessionFactoryObserverForSchemaExport.sessionFactoryCreated(SessionFactoryObserverForSchemaExport.java:37)
	at org.hibernate.internal.SessionFactoryObserverChain.sessionFactoryCreated(SessionFactoryObserverChain.java:35)
	at org.hibernate.internal.SessionFactoryImpl.<init>(SessionFactoryImpl.java:322)
	at org.hibernate.boot.internal.SessionFactoryBuilderImpl.build(SessionFactoryBuilderImpl.java:457)
	at org.hibernate.jpa.boot.internal.EntityManagerFactoryBuilderImpl.build(EntityManagerFactoryBuilderImpl.java:1506)
	at org.springframework.orm.jpa.vendor.SpringHibernateJpaPersistenceProvider.createContainerEntityManagerFactory(SpringHibernateJpaPersistenceProvider.java:75)
	at org.springframework.orm.jpa.LocalContainerEntityManagerFactoryBean.createNativeEntityManagerFactory(LocalContainerEntityManagerFactoryBean.java:390)
	at org.springframework.orm.jpa.AbstractEntityManagerFactoryBean.buildNativeEntityManagerFactory(AbstractEntityManagerFactoryBean.java:409)
	at org.springframework.orm.jpa.AbstractEntityManagerFactoryBean.afterPropertiesSet(AbstractEntityManagerFactoryBean.java:396)
	at org.springframework.orm.jpa.LocalContainerEntityManagerFactoryBean.afterPropertiesSet(LocalContainerEntityManagerFactoryBean.java:366)
	at org.springframework.beans.factory.support.AbstractAutowireCapableBeanFactory.invokeInitMethods(AbstractAutowireCapableBeanFactory.java:1853)
	at org.springframework.beans.factory.support.AbstractAutowireCapableBeanFactory.initializeBean(AbstractAutowireCapableBeanFactory.java:1802)
	at org.springframework.beans.factory.support.AbstractAutowireCapableBeanFactory.doCreateBean(AbstractAutowireCapableBeanFactory.java:600)
	at org.springframework.beans.factory.support.AbstractAutowireCapableBeanFactory.createBean(AbstractAutowireCapableBeanFactory.java:522)
	at org.springframework.beans.factory.support.AbstractBeanFactory.lambda$doGetBean$0(AbstractBeanFactory.java:337)
	at org.springframework.beans.factory.support.DefaultSingletonBeanRegistry.getSingleton(DefaultSingletonBeanRegistry.java:234)
	at org.springframework.beans.factory.support.AbstractBeanFactory.doGetBean(AbstractBeanFactory.java:335)
	at org.springframework.beans.factory.support.AbstractBeanFactory.getBean(AbstractBeanFactory.java:205)
	at org.springframework.context.support.AbstractApplicationContext.finishBeanFactoryInitialization(AbstractApplicationContext.java:954)
	at org.springframework.context.support.AbstractApplicationContext.refresh(AbstractApplicationContext.java:625)
	at org.springframework.boot.web.servlet.context.ServletWebServerApplicationContext.refresh(ServletWebServerApplicationContext.java:146)
	at org.springframework.boot.SpringApplication.refresh(SpringApplication.java:754)
	at org.springframework.boot.SpringApplication.refreshContext(SpringApplication.java:456)
	at org.springframework.boot.SpringApplication.run(SpringApplication.java:335)
	at org.springframework.boot.SpringApplication.run(SpringApplication.java:1363)
	at org.springframework.boot.SpringApplication.run(SpringApplication.java:1352)
	at com.mycompany.propertymanagement.PropertymanagementApplication.main(PropertymanagementApplication.java:10)
Caused by: java.sql.SQLIntegrityConstraintViolationException: Cannot add or update a child row: a foreign key constraint fails (`db-dev`.`#sql-13a4_7f`, CONSTRAINT `FKo3k2pyy6amjpl5rtutybk7oom` FOREIGN KEY (`user_id`) REFERENCES `user_table` (`id`))
	at com.mysql.cj.jdbc.exceptions.SQLError.createSQLException(SQLError.java:118)
	at com.mysql.cj.jdbc.exceptions.SQLExceptionsMapping.translateException(SQLExceptionsMapping.java:122)
	at com.mysql.cj.jdbc.StatementImpl.executeInternal(StatementImpl.java:770)
	at com.mysql.cj.jdbc.StatementImpl.execute(StatementImpl.java:653)
	at com.zaxxer.hikari.pool.ProxyStatement.execute(ProxyStatement.java:94)
	at com.zaxxer.hikari.pool.HikariProxyStatement.execute(HikariProxyStatement.java)
	at org.hibernate.tool.schema.internal.exec.GenerationTargetToDatabase.accept(GenerationTargetToDatabase.java:80)
	... 36 common frames omitted
2024-10-21 19:08:45,596 INFO org.springframework.orm.jpa.LocalContainerEntityManagerFactoryBean [main] Initialized JPA EntityManagerFactory for persistence unit 'default'
2024-10-21 19:08:46,501 WARN org.springframework.boot.autoconfigure.orm.jpa.JpaBaseConfiguration$JpaWebConfiguration [main] spring.jpa.open-in-view is enabled by default. Therefore, database queries may be performed during view rendering. Explicitly configure spring.jpa.open-in-view to disable this warning
2024-10-21 19:08:47,793 INFO org.springframework.boot.actuate.endpoint.web.EndpointLinksResolver [main] Exposing 6 endpoints beneath base path '/actuator'
2024-10-21 19:08:47,962 INFO org.apache.coyote.http11.Http11NioProtocol [main] Starting ProtocolHandler ["http-nio-8080"]
2024-10-21 19:08:47,997 INFO org.springframework.boot.web.embedded.tomcat.TomcatWebServer [main] Tomcat started on port 8080 (http) with context path '/'
2024-10-21 19:08:48,025 INFO com.mycompany.propertymanagement.PropertymanagementApplication [main] Started PropertymanagementApplication in 10.51 seconds (process running for 12.757)
2024-10-21 19:09:04,715 INFO org.apache.catalina.core.ContainerBase.[Tomcat].[localhost].[/] [http-nio-8080-exec-3] Initializing Spring DispatcherServlet 'dispatcherServlet'
2024-10-21 19:09:04,715 INFO org.springframework.web.servlet.DispatcherServlet [http-nio-8080-exec-3] Initializing Servlet 'dispatcherServlet'
2024-10-21 19:09:04,718 INFO org.springframework.web.servlet.DispatcherServlet [http-nio-8080-exec-3] Completed initialization in 3 ms
2024-10-21 19:12:10,966 INFO org.springframework.orm.jpa.LocalContainerEntityManagerFactoryBean [SpringApplicationShutdownHook] Closing JPA EntityManagerFactory for persistence unit 'default'
2024-10-21 19:12:10,976 INFO com.zaxxer.hikari.HikariDataSource [SpringApplicationShutdownHook] HikariPool-1 - Shutdown initiated...
2024-10-21 19:12:10,996 INFO com.zaxxer.hikari.HikariDataSource [SpringApplicationShutdownHook] HikariPool-1 - Shutdown completed.
